<?xml version="1.0" encoding="UTF-8"?>
<testsuite xmlns:xsi="http://www.w3.org/2001/XMLSchema-instance" xsi:noNamespaceSchemaLocation="https://maven.apache.org/surefire/maven-surefire-plugin/xsd/surefire-test-report.xsd" name="com.itheima.test.UploadFileTest" time="0.009" tests="1" errors="0" skipped="0" failures="0">
  <properties>
    <property name="sun.desktop" value="windows"/>
    <property name="awt.toolkit" value="sun.awt.windows.WToolkit"/>
    <property name="file.encoding.pkg" value="sun.io"/>
    <property name="java.specification.version" value="1.8"/>
    <property name="sun.cpu.isalist" value="pentium_pro+mmx pentium_pro pentium+mmx pentium i486 i386 i86"/>
    <property name="sun.jnu.encoding" value="GBK"/>
    <property name="java.class.path" value="E:\learn\reggie_take_out\target\test-classes;E:\learn\reggie_take_out\target\classes;E:\app\apache-maven-3.9.9\mvn_repo\com\aliyun\aliyun-java-sdk-core\4.5.16\aliyun-java-sdk-core-4.5.16.jar;E:\app\apache-maven-3.9.9\mvn_repo\com\google\code\gson\gson\2.8.6\gson-2.8.6.jar;E:\app\apache-maven-3.9.9\mvn_repo\org\apache\httpcomponents\httpclient\4.5.13\httpclient-4.5.13.jar;E:\app\apache-maven-3.9.9\mvn_repo\commons-codec\commons-codec\1.15\commons-codec-1.15.jar;E:\app\apache-maven-3.9.9\mvn_repo\org\apache\httpcomponents\httpcore\4.4.14\httpcore-4.4.14.jar;E:\app\apache-maven-3.9.9\mvn_repo\commons-logging\commons-logging\1.2\commons-logging-1.2.jar;E:\app\apache-maven-3.9.9\mvn_repo\javax\xml\bind\jaxb-api\2.3.1\jaxb-api-2.3.1.jar;E:\app\apache-maven-3.9.9\mvn_repo\javax\activation\javax.activation-api\1.2.0\javax.activation-api-1.2.0.jar;E:\app\apache-maven-3.9.9\mvn_repo\org\jacoco\org.jacoco.agent\0.8.6\org.jacoco.agent-0.8.6-runtime.jar;E:\app\apache-maven-3.9.9\mvn_repo\org\ini4j\ini4j\0.5.4\ini4j-0.5.4.jar;E:\app\apache-maven-3.9.9\mvn_repo\org\slf4j\slf4j-api\1.7.30\slf4j-api-1.7.30.jar;E:\app\apache-maven-3.9.9\mvn_repo\io\opentracing\opentracing-api\0.33.0\opentracing-api-0.33.0.jar;E:\app\apache-maven-3.9.9\mvn_repo\io\opentracing\opentracing-util\0.33.0\opentracing-util-0.33.0.jar;E:\app\apache-maven-3.9.9\mvn_repo\io\opentracing\opentracing-noop\0.33.0\opentracing-noop-0.33.0.jar;E:\app\apache-maven-3.9.9\mvn_repo\com\aliyun\aliyun-java-sdk-dysmsapi\2.1.0\aliyun-java-sdk-dysmsapi-2.1.0.jar;E:\app\apache-maven-3.9.9\mvn_repo\org\springframework\boot\spring-boot-starter\2.4.5\spring-boot-starter-2.4.5.jar;E:\app\apache-maven-3.9.9\mvn_repo\org\springframework\boot\spring-boot\2.4.5\spring-boot-2.4.5.jar;E:\app\apache-maven-3.9.9\mvn_repo\org\springframework\spring-context\5.3.6\spring-context-5.3.6.jar;E:\app\apache-maven-3.9.9\mvn_repo\org\springframework\boot\spring-boot-autoconfigure\2.4.5\spring-boot-autoconfigure-2.4.5.jar;E:\app\apache-maven-3.9.9\mvn_repo\org\springframework\boot\spring-boot-starter-logging\2.4.5\spring-boot-starter-logging-2.4.5.jar;E:\app\apache-maven-3.9.9\mvn_repo\ch\qos\logback\logback-classic\1.2.3\logback-classic-1.2.3.jar;E:\app\apache-maven-3.9.9\mvn_repo\ch\qos\logback\logback-core\1.2.3\logback-core-1.2.3.jar;E:\app\apache-maven-3.9.9\mvn_repo\org\apache\logging\log4j\log4j-to-slf4j\2.13.3\log4j-to-slf4j-2.13.3.jar;E:\app\apache-maven-3.9.9\mvn_repo\org\apache\logging\log4j\log4j-api\2.13.3\log4j-api-2.13.3.jar;E:\app\apache-maven-3.9.9\mvn_repo\org\slf4j\jul-to-slf4j\1.7.30\jul-to-slf4j-1.7.30.jar;E:\app\apache-maven-3.9.9\mvn_repo\jakarta\annotation\jakarta.annotation-api\1.3.5\jakarta.annotation-api-1.3.5.jar;E:\app\apache-maven-3.9.9\mvn_repo\org\springframework\spring-core\5.3.6\spring-core-5.3.6.jar;E:\app\apache-maven-3.9.9\mvn_repo\org\springframework\spring-jcl\5.3.6\spring-jcl-5.3.6.jar;E:\app\apache-maven-3.9.9\mvn_repo\org\yaml\snakeyaml\1.27\snakeyaml-1.27.jar;E:\app\apache-maven-3.9.9\mvn_repo\org\springframework\boot\spring-boot-starter-test\2.4.5\spring-boot-starter-test-2.4.5.jar;E:\app\apache-maven-3.9.9\mvn_repo\org\springframework\boot\spring-boot-test\2.4.5\spring-boot-test-2.4.5.jar;E:\app\apache-maven-3.9.9\mvn_repo\org\springframework\boot\spring-boot-test-autoconfigure\2.4.5\spring-boot-test-autoconfigure-2.4.5.jar;E:\app\apache-maven-3.9.9\mvn_repo\com\jayway\jsonpath\json-path\2.4.0\json-path-2.4.0.jar;E:\app\apache-maven-3.9.9\mvn_repo\net\minidev\json-smart\2.3\json-smart-2.3.jar;E:\app\apache-maven-3.9.9\mvn_repo\net\minidev\accessors-smart\1.2\accessors-smart-1.2.jar;E:\app\apache-maven-3.9.9\mvn_repo\org\ow2\asm\asm\5.0.4\asm-5.0.4.jar;E:\app\apache-maven-3.9.9\mvn_repo\jakarta\xml\bind\jakarta.xml.bind-api\2.3.3\jakarta.xml.bind-api-2.3.3.jar;E:\app\apache-maven-3.9.9\mvn_repo\jakarta\activation\jakarta.activation-api\1.2.2\jakarta.activation-api-1.2.2.jar;E:\app\apache-maven-3.9.9\mvn_repo\org\assertj\assertj-core\3.18.1\assertj-core-3.18.1.jar;E:\app\apache-maven-3.9.9\mvn_repo\org\hamcrest\hamcrest\2.2\hamcrest-2.2.jar;E:\app\apache-maven-3.9.9\mvn_repo\org\junit\jupiter\junit-jupiter\5.7.1\junit-jupiter-5.7.1.jar;E:\app\apache-maven-3.9.9\mvn_repo\org\junit\jupiter\junit-jupiter-api\5.7.1\junit-jupiter-api-5.7.1.jar;E:\app\apache-maven-3.9.9\mvn_repo\org\apiguardian\apiguardian-api\1.1.0\apiguardian-api-1.1.0.jar;E:\app\apache-maven-3.9.9\mvn_repo\org\opentest4j\opentest4j\1.2.0\opentest4j-1.2.0.jar;E:\app\apache-maven-3.9.9\mvn_repo\org\junit\platform\junit-platform-commons\1.7.1\junit-platform-commons-1.7.1.jar;E:\app\apache-maven-3.9.9\mvn_repo\org\junit\jupiter\junit-jupiter-params\5.7.1\junit-jupiter-params-5.7.1.jar;E:\app\apache-maven-3.9.9\mvn_repo\org\junit\jupiter\junit-jupiter-engine\5.7.1\junit-jupiter-engine-5.7.1.jar;E:\app\apache-maven-3.9.9\mvn_repo\org\junit\platform\junit-platform-engine\1.7.1\junit-platform-engine-1.7.1.jar;E:\app\apache-maven-3.9.9\mvn_repo\org\mockito\mockito-core\3.6.28\mockito-core-3.6.28.jar;E:\app\apache-maven-3.9.9\mvn_repo\net\bytebuddy\byte-buddy\1.10.22\byte-buddy-1.10.22.jar;E:\app\apache-maven-3.9.9\mvn_repo\net\bytebuddy\byte-buddy-agent\1.10.22\byte-buddy-agent-1.10.22.jar;E:\app\apache-maven-3.9.9\mvn_repo\org\objenesis\objenesis\3.1\objenesis-3.1.jar;E:\app\apache-maven-3.9.9\mvn_repo\org\mockito\mockito-junit-jupiter\3.6.28\mockito-junit-jupiter-3.6.28.jar;E:\app\apache-maven-3.9.9\mvn_repo\org\skyscreamer\jsonassert\1.5.0\jsonassert-1.5.0.jar;E:\app\apache-maven-3.9.9\mvn_repo\com\vaadin\external\google\android-json\0.0.20131108.vaadin1\android-json-0.0.20131108.vaadin1.jar;E:\app\apache-maven-3.9.9\mvn_repo\org\springframework\spring-test\5.3.6\spring-test-5.3.6.jar;E:\app\apache-maven-3.9.9\mvn_repo\org\xmlunit\xmlunit-core\2.7.0\xmlunit-core-2.7.0.jar;E:\app\apache-maven-3.9.9\mvn_repo\org\springframework\boot\spring-boot-starter-web\2.4.5\spring-boot-starter-web-2.4.5.jar;E:\app\apache-maven-3.9.9\mvn_repo\org\springframework\boot\spring-boot-starter-json\2.4.5\spring-boot-starter-json-2.4.5.jar;E:\app\apache-maven-3.9.9\mvn_repo\com\fasterxml\jackson\core\jackson-databind\2.11.4\jackson-databind-2.11.4.jar;E:\app\apache-maven-3.9.9\mvn_repo\com\fasterxml\jackson\core\jackson-annotations\2.11.4\jackson-annotations-2.11.4.jar;E:\app\apache-maven-3.9.9\mvn_repo\com\fasterxml\jackson\core\jackson-core\2.11.4\jackson-core-2.11.4.jar;E:\app\apache-maven-3.9.9\mvn_repo\com\fasterxml\jackson\datatype\jackson-datatype-jdk8\2.11.4\jackson-datatype-jdk8-2.11.4.jar;E:\app\apache-maven-3.9.9\mvn_repo\com\fasterxml\jackson\datatype\jackson-datatype-jsr310\2.11.4\jackson-datatype-jsr310-2.11.4.jar;E:\app\apache-maven-3.9.9\mvn_repo\com\fasterxml\jackson\module\jackson-module-parameter-names\2.11.4\jackson-module-parameter-names-2.11.4.jar;E:\app\apache-maven-3.9.9\mvn_repo\org\springframework\boot\spring-boot-starter-tomcat\2.4.5\spring-boot-starter-tomcat-2.4.5.jar;E:\app\apache-maven-3.9.9\mvn_repo\org\apache\tomcat\embed\tomcat-embed-core\9.0.45\tomcat-embed-core-9.0.45.jar;E:\app\apache-maven-3.9.9\mvn_repo\org\glassfish\jakarta.el\3.0.3\jakarta.el-3.0.3.jar;E:\app\apache-maven-3.9.9\mvn_repo\org\apache\tomcat\embed\tomcat-embed-websocket\9.0.45\tomcat-embed-websocket-9.0.45.jar;E:\app\apache-maven-3.9.9\mvn_repo\org\springframework\spring-web\5.3.6\spring-web-5.3.6.jar;E:\app\apache-maven-3.9.9\mvn_repo\org\springframework\spring-beans\5.3.6\spring-beans-5.3.6.jar;E:\app\apache-maven-3.9.9\mvn_repo\org\springframework\spring-webmvc\5.3.6\spring-webmvc-5.3.6.jar;E:\app\apache-maven-3.9.9\mvn_repo\org\springframework\spring-aop\5.3.6\spring-aop-5.3.6.jar;E:\app\apache-maven-3.9.9\mvn_repo\org\springframework\spring-expression\5.3.6\spring-expression-5.3.6.jar;E:\app\apache-maven-3.9.9\mvn_repo\com\baomidou\mybatis-plus-boot-starter\3.4.2\mybatis-plus-boot-starter-3.4.2.jar;E:\app\apache-maven-3.9.9\mvn_repo\com\baomidou\mybatis-plus\3.4.2\mybatis-plus-3.4.2.jar;E:\app\apache-maven-3.9.9\mvn_repo\com\baomidou\mybatis-plus-extension\3.4.2\mybatis-plus-extension-3.4.2.jar;E:\app\apache-maven-3.9.9\mvn_repo\com\baomidou\mybatis-plus-core\3.4.2\mybatis-plus-core-3.4.2.jar;E:\app\apache-maven-3.9.9\mvn_repo\com\baomidou\mybatis-plus-annotation\3.4.2\mybatis-plus-annotation-3.4.2.jar;E:\app\apache-maven-3.9.9\mvn_repo\com\github\jsqlparser\jsqlparser\4.0\jsqlparser-4.0.jar;E:\app\apache-maven-3.9.9\mvn_repo\org\mybatis\mybatis\3.5.6\mybatis-3.5.6.jar;E:\app\apache-maven-3.9.9\mvn_repo\org\mybatis\mybatis-spring\2.0.5\mybatis-spring-2.0.5.jar;E:\app\apache-maven-3.9.9\mvn_repo\org\springframework\boot\spring-boot-starter-jdbc\2.4.5\spring-boot-starter-jdbc-2.4.5.jar;E:\app\apache-maven-3.9.9\mvn_repo\com\zaxxer\HikariCP\3.4.5\HikariCP-3.4.5.jar;E:\app\apache-maven-3.9.9\mvn_repo\org\springframework\spring-jdbc\5.3.6\spring-jdbc-5.3.6.jar;E:\app\apache-maven-3.9.9\mvn_repo\org\springframework\spring-tx\5.3.6\spring-tx-5.3.6.jar;E:\app\apache-maven-3.9.9\mvn_repo\org\projectlombok\lombok\1.18.20\lombok-1.18.20.jar;E:\app\apache-maven-3.9.9\mvn_repo\com\alibaba\fastjson\1.2.76\fastjson-1.2.76.jar;E:\app\apache-maven-3.9.9\mvn_repo\commons-lang\commons-lang\2.6\commons-lang-2.6.jar;E:\app\apache-maven-3.9.9\mvn_repo\mysql\mysql-connector-java\8.0.23\mysql-connector-java-8.0.23.jar;E:\app\apache-maven-3.9.9\mvn_repo\com\alibaba\druid-spring-boot-starter\1.1.23\druid-spring-boot-starter-1.1.23.jar;E:\app\apache-maven-3.9.9\mvn_repo\com\alibaba\druid\1.1.23\druid-1.1.23.jar;"/>
    <property name="java.vm.vendor" value="Oracle Corporation"/>
    <property name="sun.arch.data.model" value="32"/>
    <property name="user.variant" value=""/>
    <property name="java.vendor.url" value="http://java.oracle.com/"/>
    <property name="user.timezone" value="Asia/Shanghai"/>
    <property name="java.vm.specification.version" value="1.8"/>
    <property name="os.name" value="Windows 10"/>
    <property name="user.country" value="CN"/>
    <property name="sun.java.launcher" value="SUN_STANDARD"/>
    <property name="sun.boot.library.path" value="E:\app\JDK8\jre\bin"/>
    <property name="sun.java.command" value="C:\Users\YWSY\AppData\Local\Temp\surefire5981377833402261981\surefirebooter2221336783096392103.jar C:\Users\YWSY\AppData\Local\Temp\surefire5981377833402261981 2025-02-11T23-52-58_336-jvmRun1 surefire7125859202122415900tmp surefire_02303659691367908681tmp"/>
    <property name="surefire.test.class.path" value="E:\learn\reggie_take_out\target\test-classes;E:\learn\reggie_take_out\target\classes;E:\app\apache-maven-3.9.9\mvn_repo\com\aliyun\aliyun-java-sdk-core\4.5.16\aliyun-java-sdk-core-4.5.16.jar;E:\app\apache-maven-3.9.9\mvn_repo\com\google\code\gson\gson\2.8.6\gson-2.8.6.jar;E:\app\apache-maven-3.9.9\mvn_repo\org\apache\httpcomponents\httpclient\4.5.13\httpclient-4.5.13.jar;E:\app\apache-maven-3.9.9\mvn_repo\commons-codec\commons-codec\1.15\commons-codec-1.15.jar;E:\app\apache-maven-3.9.9\mvn_repo\org\apache\httpcomponents\httpcore\4.4.14\httpcore-4.4.14.jar;E:\app\apache-maven-3.9.9\mvn_repo\commons-logging\commons-logging\1.2\commons-logging-1.2.jar;E:\app\apache-maven-3.9.9\mvn_repo\javax\xml\bind\jaxb-api\2.3.1\jaxb-api-2.3.1.jar;E:\app\apache-maven-3.9.9\mvn_repo\javax\activation\javax.activation-api\1.2.0\javax.activation-api-1.2.0.jar;E:\app\apache-maven-3.9.9\mvn_repo\org\jacoco\org.jacoco.agent\0.8.6\org.jacoco.agent-0.8.6-runtime.jar;E:\app\apache-maven-3.9.9\mvn_repo\org\ini4j\ini4j\0.5.4\ini4j-0.5.4.jar;E:\app\apache-maven-3.9.9\mvn_repo\org\slf4j\slf4j-api\1.7.30\slf4j-api-1.7.30.jar;E:\app\apache-maven-3.9.9\mvn_repo\io\opentracing\opentracing-api\0.33.0\opentracing-api-0.33.0.jar;E:\app\apache-maven-3.9.9\mvn_repo\io\opentracing\opentracing-util\0.33.0\opentracing-util-0.33.0.jar;E:\app\apache-maven-3.9.9\mvn_repo\io\opentracing\opentracing-noop\0.33.0\opentracing-noop-0.33.0.jar;E:\app\apache-maven-3.9.9\mvn_repo\com\aliyun\aliyun-java-sdk-dysmsapi\2.1.0\aliyun-java-sdk-dysmsapi-2.1.0.jar;E:\app\apache-maven-3.9.9\mvn_repo\org\springframework\boot\spring-boot-starter\2.4.5\spring-boot-starter-2.4.5.jar;E:\app\apache-maven-3.9.9\mvn_repo\org\springframework\boot\spring-boot\2.4.5\spring-boot-2.4.5.jar;E:\app\apache-maven-3.9.9\mvn_repo\org\springframework\spring-context\5.3.6\spring-context-5.3.6.jar;E:\app\apache-maven-3.9.9\mvn_repo\org\springframework\boot\spring-boot-autoconfigure\2.4.5\spring-boot-autoconfigure-2.4.5.jar;E:\app\apache-maven-3.9.9\mvn_repo\org\springframework\boot\spring-boot-starter-logging\2.4.5\spring-boot-starter-logging-2.4.5.jar;E:\app\apache-maven-3.9.9\mvn_repo\ch\qos\logback\logback-classic\1.2.3\logback-classic-1.2.3.jar;E:\app\apache-maven-3.9.9\mvn_repo\ch\qos\logback\logback-core\1.2.3\logback-core-1.2.3.jar;E:\app\apache-maven-3.9.9\mvn_repo\org\apache\logging\log4j\log4j-to-slf4j\2.13.3\log4j-to-slf4j-2.13.3.jar;E:\app\apache-maven-3.9.9\mvn_repo\org\apache\logging\log4j\log4j-api\2.13.3\log4j-api-2.13.3.jar;E:\app\apache-maven-3.9.9\mvn_repo\org\slf4j\jul-to-slf4j\1.7.30\jul-to-slf4j-1.7.30.jar;E:\app\apache-maven-3.9.9\mvn_repo\jakarta\annotation\jakarta.annotation-api\1.3.5\jakarta.annotation-api-1.3.5.jar;E:\app\apache-maven-3.9.9\mvn_repo\org\springframework\spring-core\5.3.6\spring-core-5.3.6.jar;E:\app\apache-maven-3.9.9\mvn_repo\org\springframework\spring-jcl\5.3.6\spring-jcl-5.3.6.jar;E:\app\apache-maven-3.9.9\mvn_repo\org\yaml\snakeyaml\1.27\snakeyaml-1.27.jar;E:\app\apache-maven-3.9.9\mvn_repo\org\springframework\boot\spring-boot-starter-test\2.4.5\spring-boot-starter-test-2.4.5.jar;E:\app\apache-maven-3.9.9\mvn_repo\org\springframework\boot\spring-boot-test\2.4.5\spring-boot-test-2.4.5.jar;E:\app\apache-maven-3.9.9\mvn_repo\org\springframework\boot\spring-boot-test-autoconfigure\2.4.5\spring-boot-test-autoconfigure-2.4.5.jar;E:\app\apache-maven-3.9.9\mvn_repo\com\jayway\jsonpath\json-path\2.4.0\json-path-2.4.0.jar;E:\app\apache-maven-3.9.9\mvn_repo\net\minidev\json-smart\2.3\json-smart-2.3.jar;E:\app\apache-maven-3.9.9\mvn_repo\net\minidev\accessors-smart\1.2\accessors-smart-1.2.jar;E:\app\apache-maven-3.9.9\mvn_repo\org\ow2\asm\asm\5.0.4\asm-5.0.4.jar;E:\app\apache-maven-3.9.9\mvn_repo\jakarta\xml\bind\jakarta.xml.bind-api\2.3.3\jakarta.xml.bind-api-2.3.3.jar;E:\app\apache-maven-3.9.9\mvn_repo\jakarta\activation\jakarta.activation-api\1.2.2\jakarta.activation-api-1.2.2.jar;E:\app\apache-maven-3.9.9\mvn_repo\org\assertj\assertj-core\3.18.1\assertj-core-3.18.1.jar;E:\app\apache-maven-3.9.9\mvn_repo\org\hamcrest\hamcrest\2.2\hamcrest-2.2.jar;E:\app\apache-maven-3.9.9\mvn_repo\org\junit\jupiter\junit-jupiter\5.7.1\junit-jupiter-5.7.1.jar;E:\app\apache-maven-3.9.9\mvn_repo\org\junit\jupiter\junit-jupiter-api\5.7.1\junit-jupiter-api-5.7.1.jar;E:\app\apache-maven-3.9.9\mvn_repo\org\apiguardian\apiguardian-api\1.1.0\apiguardian-api-1.1.0.jar;E:\app\apache-maven-3.9.9\mvn_repo\org\opentest4j\opentest4j\1.2.0\opentest4j-1.2.0.jar;E:\app\apache-maven-3.9.9\mvn_repo\org\junit\platform\junit-platform-commons\1.7.1\junit-platform-commons-1.7.1.jar;E:\app\apache-maven-3.9.9\mvn_repo\org\junit\jupiter\junit-jupiter-params\5.7.1\junit-jupiter-params-5.7.1.jar;E:\app\apache-maven-3.9.9\mvn_repo\org\junit\jupiter\junit-jupiter-engine\5.7.1\junit-jupiter-engine-5.7.1.jar;E:\app\apache-maven-3.9.9\mvn_repo\org\junit\platform\junit-platform-engine\1.7.1\junit-platform-engine-1.7.1.jar;E:\app\apache-maven-3.9.9\mvn_repo\org\mockito\mockito-core\3.6.28\mockito-core-3.6.28.jar;E:\app\apache-maven-3.9.9\mvn_repo\net\bytebuddy\byte-buddy\1.10.22\byte-buddy-1.10.22.jar;E:\app\apache-maven-3.9.9\mvn_repo\net\bytebuddy\byte-buddy-agent\1.10.22\byte-buddy-agent-1.10.22.jar;E:\app\apache-maven-3.9.9\mvn_repo\org\objenesis\objenesis\3.1\objenesis-3.1.jar;E:\app\apache-maven-3.9.9\mvn_repo\org\mockito\mockito-junit-jupiter\3.6.28\mockito-junit-jupiter-3.6.28.jar;E:\app\apache-maven-3.9.9\mvn_repo\org\skyscreamer\jsonassert\1.5.0\jsonassert-1.5.0.jar;E:\app\apache-maven-3.9.9\mvn_repo\com\vaadin\external\google\android-json\0.0.20131108.vaadin1\android-json-0.0.20131108.vaadin1.jar;E:\app\apache-maven-3.9.9\mvn_repo\org\springframework\spring-test\5.3.6\spring-test-5.3.6.jar;E:\app\apache-maven-3.9.9\mvn_repo\org\xmlunit\xmlunit-core\2.7.0\xmlunit-core-2.7.0.jar;E:\app\apache-maven-3.9.9\mvn_repo\org\springframework\boot\spring-boot-starter-web\2.4.5\spring-boot-starter-web-2.4.5.jar;E:\app\apache-maven-3.9.9\mvn_repo\org\springframework\boot\spring-boot-starter-json\2.4.5\spring-boot-starter-json-2.4.5.jar;E:\app\apache-maven-3.9.9\mvn_repo\com\fasterxml\jackson\core\jackson-databind\2.11.4\jackson-databind-2.11.4.jar;E:\app\apache-maven-3.9.9\mvn_repo\com\fasterxml\jackson\core\jackson-annotations\2.11.4\jackson-annotations-2.11.4.jar;E:\app\apache-maven-3.9.9\mvn_repo\com\fasterxml\jackson\core\jackson-core\2.11.4\jackson-core-2.11.4.jar;E:\app\apache-maven-3.9.9\mvn_repo\com\fasterxml\jackson\datatype\jackson-datatype-jdk8\2.11.4\jackson-datatype-jdk8-2.11.4.jar;E:\app\apache-maven-3.9.9\mvn_repo\com\fasterxml\jackson\datatype\jackson-datatype-jsr310\2.11.4\jackson-datatype-jsr310-2.11.4.jar;E:\app\apache-maven-3.9.9\mvn_repo\com\fasterxml\jackson\module\jackson-module-parameter-names\2.11.4\jackson-module-parameter-names-2.11.4.jar;E:\app\apache-maven-3.9.9\mvn_repo\org\springframework\boot\spring-boot-starter-tomcat\2.4.5\spring-boot-starter-tomcat-2.4.5.jar;E:\app\apache-maven-3.9.9\mvn_repo\org\apache\tomcat\embed\tomcat-embed-core\9.0.45\tomcat-embed-core-9.0.45.jar;E:\app\apache-maven-3.9.9\mvn_repo\org\glassfish\jakarta.el\3.0.3\jakarta.el-3.0.3.jar;E:\app\apache-maven-3.9.9\mvn_repo\org\apache\tomcat\embed\tomcat-embed-websocket\9.0.45\tomcat-embed-websocket-9.0.45.jar;E:\app\apache-maven-3.9.9\mvn_repo\org\springframework\spring-web\5.3.6\spring-web-5.3.6.jar;E:\app\apache-maven-3.9.9\mvn_repo\org\springframework\spring-beans\5.3.6\spring-beans-5.3.6.jar;E:\app\apache-maven-3.9.9\mvn_repo\org\springframework\spring-webmvc\5.3.6\spring-webmvc-5.3.6.jar;E:\app\apache-maven-3.9.9\mvn_repo\org\springframework\spring-aop\5.3.6\spring-aop-5.3.6.jar;E:\app\apache-maven-3.9.9\mvn_repo\org\springframework\spring-expression\5.3.6\spring-expression-5.3.6.jar;E:\app\apache-maven-3.9.9\mvn_repo\com\baomidou\mybatis-plus-boot-starter\3.4.2\mybatis-plus-boot-starter-3.4.2.jar;E:\app\apache-maven-3.9.9\mvn_repo\com\baomidou\mybatis-plus\3.4.2\mybatis-plus-3.4.2.jar;E:\app\apache-maven-3.9.9\mvn_repo\com\baomidou\mybatis-plus-extension\3.4.2\mybatis-plus-extension-3.4.2.jar;E:\app\apache-maven-3.9.9\mvn_repo\com\baomidou\mybatis-plus-core\3.4.2\mybatis-plus-core-3.4.2.jar;E:\app\apache-maven-3.9.9\mvn_repo\com\baomidou\mybatis-plus-annotation\3.4.2\mybatis-plus-annotation-3.4.2.jar;E:\app\apache-maven-3.9.9\mvn_repo\com\github\jsqlparser\jsqlparser\4.0\jsqlparser-4.0.jar;E:\app\apache-maven-3.9.9\mvn_repo\org\mybatis\mybatis\3.5.6\mybatis-3.5.6.jar;E:\app\apache-maven-3.9.9\mvn_repo\org\mybatis\mybatis-spring\2.0.5\mybatis-spring-2.0.5.jar;E:\app\apache-maven-3.9.9\mvn_repo\org\springframework\boot\spring-boot-starter-jdbc\2.4.5\spring-boot-starter-jdbc-2.4.5.jar;E:\app\apache-maven-3.9.9\mvn_repo\com\zaxxer\HikariCP\3.4.5\HikariCP-3.4.5.jar;E:\app\apache-maven-3.9.9\mvn_repo\org\springframework\spring-jdbc\5.3.6\spring-jdbc-5.3.6.jar;E:\app\apache-maven-3.9.9\mvn_repo\org\springframework\spring-tx\5.3.6\spring-tx-5.3.6.jar;E:\app\apache-maven-3.9.9\mvn_repo\org\projectlombok\lombok\1.18.20\lombok-1.18.20.jar;E:\app\apache-maven-3.9.9\mvn_repo\com\alibaba\fastjson\1.2.76\fastjson-1.2.76.jar;E:\app\apache-maven-3.9.9\mvn_repo\commons-lang\commons-lang\2.6\commons-lang-2.6.jar;E:\app\apache-maven-3.9.9\mvn_repo\mysql\mysql-connector-java\8.0.23\mysql-connector-java-8.0.23.jar;E:\app\apache-maven-3.9.9\mvn_repo\com\alibaba\druid-spring-boot-starter\1.1.23\druid-spring-boot-starter-1.1.23.jar;E:\app\apache-maven-3.9.9\mvn_repo\com\alibaba\druid\1.1.23\druid-1.1.23.jar;"/>
    <property name="sun.cpu.endian" value="little"/>
    <property name="user.home" value="C:\Users\YWSY"/>
    <property name="user.language" value="zh"/>
    <property name="java.specification.vendor" value="Oracle Corporation"/>
    <property name="java.home" value="E:\app\JDK8\jre"/>
    <property name="basedir" value="E:\learn\reggie_take_out"/>
    <property name="file.separator" value="\"/>
    <property name="line.separator" value="&#10;"/>
    <property name="java.vm.specification.vendor" value="Oracle Corporation"/>
    <property name="java.specification.name" value="Java Platform API Specification"/>
    <property name="java.awt.graphicsenv" value="sun.awt.Win32GraphicsEnvironment"/>
    <property name="surefire.real.class.path" value="C:\Users\YWSY\AppData\Local\Temp\surefire5981377833402261981\surefirebooter2221336783096392103.jar"/>
    <property name="sun.boot.class.path" value="E:\app\JDK8\jre\lib\resources.jar;E:\app\JDK8\jre\lib\rt.jar;E:\app\JDK8\jre\lib\jsse.jar;E:\app\JDK8\jre\lib\jce.jar;E:\app\JDK8\jre\lib\charsets.jar;E:\app\JDK8\jre\lib\jfr.jar;E:\app\JDK8\jre\classes"/>
    <property name="user.script" value=""/>
    <property name="sun.management.compiler" value="HotSpot Client Compiler"/>
    <property name="java.runtime.version" value="1.8.0_441-b07"/>
    <property name="user.name" value="ywsy"/>
    <property name="path.separator" value=";"/>
    <property name="os.version" value="10.0"/>
    <property name="java.endorsed.dirs" value="E:\app\JDK8\jre\lib\endorsed"/>
    <property name="java.runtime.name" value="Java(TM) SE Runtime Environment"/>
    <property name="file.encoding" value="GBK"/>
    <property name="java.vm.name" value="Java HotSpot(TM) Client VM"/>
    <property name="localRepository" value="E:\app\apache-maven-3.9.9\mvn_repo"/>
    <property name="java.vendor.url.bug" value="http://bugreport.sun.com/bugreport/"/>
    <property name="java.io.tmpdir" value="C:\Users\YWSY\AppData\Local\Temp\"/>
    <property name="java.version" value="1.8.0_441"/>
    <property name="user.dir" value="E:\learn\reggie_take_out"/>
    <property name="os.arch" value="x86"/>
    <property name="java.vm.specification.name" value="Java Virtual Machine Specification"/>
    <property name="java.awt.printerjob" value="sun.awt.windows.WPrinterJob"/>
    <property name="sun.os.patch.level" value=""/>
    <property name="java.library.path" value="E:\app\JDK8\jre\bin;C:\WINDOWS\Sun\Java\bin;C:\WINDOWS\system32;C:\WINDOWS;C:\Program Files (x86)\Common Files\Oracle\Java\java8path;C:\Program Files (x86)\Common Files\Oracle\Java\javapath;E:\app\VM\bin\;E:\app\Python312\Scripts\;E:\app\Python312\;E:\app\Java17\bin;C:\Program Files\NVIDIA GPU Computing Toolkit\CUDA\v12.1\bin;C:\Program Files\NVIDIA GPU Computing Toolkit\CUDA\v12.1\libnvvp;C:\WINDOWS\system32;C:\WINDOWS;C:\WINDOWS\System32\Wbem;C:\WINDOWS\System32\WindowsPowerShell\v1.0\;C:\WINDOWS\System32\OpenSSH\;C:\Program Files (x86)\NVIDIA Corporation\PhysX\Common;C:\Program Files\NVIDIA Corporation\Nsight Compute 2023.1.0\;C:\Program Files\Polyspace\R2020b\runtime\win64;C:\Program Files\Polyspace\R2020b\bin;C:\Program Files\Polyspace\R2020b\polyspace\bin;PP\Node\;C:\Program Files\dotnet\;C:\Program Files\Git\cmd;E:\app\NODEJS\;E:\app\apache-maven-3.9.9\bin;C:\Program Files\NVIDIA Corporation\NVIDIA app\NvDLISR;C:\work\MYSQL\mysql-5.7.31-winx64\bin;E:\app\mysql-8.0.31-winx64\bin;E:\app\Java17\jre\bin;C:\Users\YWSY\AppData\Local\Programs\Python\Launcher\;C:\Users\YWSY\AppData\Local\Microsoft\WindowsApps;E:\app\Pycharm\PyCharm Community Edition 2024.2.4\bin;;C:\APP\Microsoft VS Code\bin;E:\app\IDEA\IntelliJ IDEA 2024.2.4\bin;;C:\Users\YWSY\AppData\Roaming\npm;E:\app\DataGrip\DataGrip 2024.3.3\bin;;;."/>
    <property name="java.vm.info" value="mixed mode, sharing"/>
    <property name="java.vendor" value="Oracle Corporation"/>
    <property name="java.vm.version" value="25.441-b07"/>
    <property name="java.specification.maintenance.version" value="6"/>
    <property name="java.ext.dirs" value="E:\app\JDK8\jre\lib\ext;C:\WINDOWS\Sun\Java\lib\ext"/>
    <property name="sun.io.unicode.encoding" value="UnicodeLittle"/>
    <property name="java.class.version" value="52.0"/>
  </properties>
  <testcase name="test1" classname="com.itheima.test.UploadFileTest" time="0.007"/>
</testsuite>